Arguments: 
  C:\Program Files\nodejs\node.exe C:\Program Files\nodejs\node_modules\yarn\bin\yarn.js add element-plus

PATH: 
  C:\windows\system32;C:\windows;C:\windows\System32\Wbem;C:\windows\System32\WindowsPowerShell\v1.0\;C:\Program Files (x86)\NVIDIA Corporation\PhysX\Common;C:\Program Files\Intel\WiFi\bin\;C:\Program Files\Common Files\Intel\WirelessCommon\;C:\WINDOWS\system32;C:\WINDOWS;C:\WINDOWS\System32\Wbem;C:\WINDOWS\System32\WindowsPowerShell\v1.0\;C:\WINDOWS\System32\OpenSSH\;C:\ProgramData\chocolatey\bin;d:\Program Files\Git\cmd;D:\Program Files\nvm;C:\Program Files\nodejs;C:\Users\11306\AppData\Local\Microsoft\WindowsApps;C:\Users\11306\AppData\Roaming\npm;d:\Programs\Microsoft VS Code\bin;D:\Program Files\nvm;C:\Program Files\nodejs

Yarn version: 
  1.22.19

Node version: 
  18.7.0

Platform: 
  win32 x64

Trace: 
  Error: ENOENT: no such file or directory, copyfile 'C:\Users\11306\AppData\Local\Yarn\Cache\v6\npm-ms-2.1.3-574c8138ce1d2b5861f0b44579dbadd60c6615b2-integrity\node_modules\ms\index.js' -> 'D:\github\compile\web\node_modules\needle\node_modules\ms\index.js'

npm manifest: 
  {
    "name": "init",
    "version": "0.0.0",
    "scripts": {
      "dev": "vite",
      "build": "vite build",
      "preview": "vite preview --port 4173",
      "lint": "eslint . --ext .vue,.js,.jsx,.cjs,.mjs --fix --ignore-path .gitignore"
    },
    "dependencies": {
      "axios": "^0.27.2",
      "vue": "^3.2.38",
      "vue-router": "^4.1.5"
    },
    "devDependencies": {
      "@rushstack/eslint-patch": "^1.1.4",
      "@vitejs/plugin-vue": "^3.0.3",
      "@vue/eslint-config-prettier": "^7.0.0",
      "eslint": "^8.22.0",
      "eslint-plugin-vue": "^9.3.0",
      "less": "^4.1.3",
      "less-loader": "^11.0.0",
      "prettier": "^2.7.1",
      "vite": "^3.0.9"
    }
  }

yarn manifest: 
  No manifest

Lockfile: 
  No lockfile
